<?xml version="1.0" encoding="UTF-8"?>
<!-- Generated by org.testng.reporters.JUnitXMLReporter -->
<testsuite hostname="ESLLAP-3859" failures="0" tests="3" name="Test" time="0.795" errors="0" timestamp="8 Sep 2023 11:52:27 GMT">
  <testcase classname="demo.scripts.SaveTestNGResultToExcel" name="@BeforeClass suiteSetUp" time="0.0">
    <failure type="java.lang.IllegalStateException" message="Can&amp;apos;t start the Firefox Web Driver">
      <![CDATA[java.lang.IllegalStateException: Can't start the Firefox Web Driver
	at demo.scripts.SaveTestNGResultToExcel.suiteSetUp(SaveTestNGResultToExcel.java:132)
Caused by: java.lang.IllegalStateException: The driver executable must exist: C:\workspace\tools\selenium\chromedriver.exe
	at org.openqa.selenium.internal.Require$FileStateChecker.isFile(Require.java:315)
	at org.openqa.selenium.remote.service.DriverService.checkExecutable(DriverService.java:147)
	at org.openqa.selenium.remote.service.DriverService.findExecutable(DriverService.java:142)
	at org.openqa.selenium.chrome.ChromeDriverService.access$000(ChromeDriverService.java:38)
	at org.openqa.selenium.chrome.ChromeDriverService$Builder.findDefaultExecutable(ChromeDriverService.java:231)
	at org.openqa.selenium.remote.service.DriverService$Builder.build(DriverService.java:437)
	at org.openqa.selenium.chrome.ChromeDriverService.createDefaultService(ChromeDriverService.java:127)
	at org.openqa.selenium.chrome.ChromeDriver.<init>(ChromeDriver.java:46)
	at demo.scripts.SaveTestNGResultToExcel.suiteSetUp(SaveTestNGResultToExcel.java:129)
	... 22 more
... Removed 22 stack frames]]>
    </failure>
  </testcase> <!-- @BeforeClass suiteSetUp -->
  <testcase classname="demo.scripts.SaveTestNGResultToExcel" name="@AfterClass suiteTearDown" time="0.0">
    <skipped/>
  </testcase> <!-- @AfterClass suiteTearDown -->
  <testcase classname="demo.scripts.SaveTestNGResultToExcel" name="LaunchWebsite" time="0.008">
    <skipped/>
  </testcase> <!-- LaunchWebsite -->
  <testcase classname="demo.scripts.SaveTestNGResultToExcel" name="FillLoginDetails" time="0.012">
    <skipped/>
  </testcase> <!-- FillLoginDetails -->
  <testcase classname="demo.scripts.SaveTestNGResultToExcel" name="DoLogin" time="0.006">
    <skipped/>
  </testcase> <!-- DoLogin -->
</testsuite> <!-- Test -->
