{"uuid":"5d9b774a-55e7-45d9-8b99-e589444d8839","name":"Default suite","children":["9d603e27-3789-418a-b979-d7a2da60d464","e4996e3e-0020-492f-8cfc-25fabc112d1c","e4996e3e-0020-492f-8cfc-25fabc112d1c","d26a519f-6006-40ca-b406-b0ae48cdd567"],"befores":[{"name":"setUp","stage":"running","description":"","steps":[],"attachments":[],"parameters":[],"start":1695195253797},{"name":"setUp","status":"passed","stage":"finished","description":"","steps":[],"attachments":[],"parameters":[],"start":1695195253801,"stop":1695195253808},{"name":"setUpMobile","stage":"running","description":"","steps":[],"attachments":[],"parameters":[],"start":1695195253810},{"name":"setUpMobile","status":"broken","statusDetails":{"known":false,"muted":false,"flaky":false,"message":"org/openqa/selenium/remote/internal/JsonToWebElementConverter","trace":"java.lang.NoClassDefFoundError: org/openqa/selenium/remote/internal/JsonToWebElementConverter\r\n\tat java.base/java.lang.ClassLoader.defineClass1(Native Method)\r\n\tat java.base/java.lang.ClassLoader.defineClass(ClassLoader.java:1012)\r\n\tat java.base/java.security.SecureClassLoader.defineClass(SecureClassLoader.java:150)\r\n\tat java.base/jdk.internal.loader.BuiltinClassLoader.defineClass(BuiltinClassLoader.java:862)\r\n\tat java.base/jdk.internal.loader.BuiltinClassLoader.findClassOnClassPathOrNull(BuiltinClassLoader.java:760)\r\n\tat java.base/jdk.internal.loader.BuiltinClassLoader.loadClassOrNull(BuiltinClassLoader.java:681)\r\n\tat java.base/jdk.internal.loader.BuiltinClassLoader.loadClass(BuiltinClassLoader.java:639)\r\n\tat java.base/jdk.internal.loader.ClassLoaders$AppClassLoader.loadClass(ClassLoaders.java:188)\r\n\tat java.base/java.lang.ClassLoader.loadClass(ClassLoader.java:520)\r\n\tat java.base/java.lang.ClassLoader.defineClass1(Native Method)\r\n\tat java.base/java.lang.ClassLoader.defineClass(ClassLoader.java:1012)\r\n\tat java.base/java.security.SecureClassLoader.defineClass(SecureClassLoader.java:150)\r\n\tat java.base/jdk.internal.loader.BuiltinClassLoader.defineClass(BuiltinClassLoader.java:862)\r\n\tat java.base/jdk.internal.loader.BuiltinClassLoader.findClassOnClassPathOrNull(BuiltinClassLoader.java:760)\r\n\tat java.base/jdk.internal.loader.BuiltinClassLoader.loadClassOrNull(BuiltinClassLoader.java:681)\r\n\tat java.base/jdk.internal.loader.BuiltinClassLoader.loadClass(BuiltinClassLoader.java:639)\r\n\tat java.base/jdk.internal.loader.ClassLoaders$AppClassLoader.loadClass(ClassLoaders.java:188)\r\n\tat java.base/java.lang.ClassLoader.loadClass(ClassLoader.java:520)\r\n\tat io.appium.java_client.android.AndroidDriver.<init>(AndroidDriver.java:92)\r\n\tat base.BaseClass.setUpMobile(BaseClass.java:79)\r\n\tat java.base/jdk.internal.reflect.NativeMethodAccessorImpl.invoke0(Native Method)\r\n\tat java.base/jdk.internal.reflect.NativeMethodAccessorImpl.invoke(NativeMethodAccessorImpl.java:77)\r\n\tat java.base/jdk.internal.reflect.DelegatingMethodAccessorImpl.invoke(DelegatingMethodAccessorImpl.java:43)\r\n\tat java.base/java.lang.reflect.Method.invoke(Method.java:568)\r\n\tat org.testng.internal.MethodInvocationHelper.invokeMethod(MethodInvocationHelper.java:80)\r\n\tat org.testng.internal.Invoker.invokeConfigurationMethod(Invoker.java:564)\r\n\tat org.testng.internal.Invoker.invokeConfigurations(Invoker.java:213)\r\n\tat org.testng.internal.Invoker.invokeConfigurations(Invoker.java:138)\r\n\tat org.testng.SuiteRunner.privateRun(SuiteRunner.java:277)\r\n\tat org.testng.SuiteRunner.run(SuiteRunner.java:240)\r\n\tat org.testng.SuiteRunnerWorker.runSuite(SuiteRunnerWorker.java:52)\r\n\tat org.testng.SuiteRunnerWorker.run(SuiteRunnerWorker.java:86)\r\n\tat org.testng.TestNG.runSuitesSequentially(TestNG.java:1198)\r\n\tat org.testng.TestNG.runSuitesLocally(TestNG.java:1123)\r\n\tat org.testng.TestNG.run(TestNG.java:1031)\r\n\tat org.testng.remote.AbstractRemoteTestNG.run(AbstractRemoteTestNG.java:115)\r\n\tat org.testng.remote.RemoteTestNG.initAndRun(RemoteTestNG.java:251)\r\n\tat org.testng.remote.RemoteTestNG.main(RemoteTestNG.java:77)\r\nCaused by: java.lang.ClassNotFoundException: org.openqa.selenium.remote.internal.JsonToWebElementConverter\r\n\tat java.base/jdk.internal.loader.BuiltinClassLoader.loadClass(BuiltinClassLoader.java:641)\r\n\tat java.base/jdk.internal.loader.ClassLoaders$AppClassLoader.loadClass(ClassLoaders.java:188)\r\n\tat java.base/java.lang.ClassLoader.loadClass(ClassLoader.java:520)\r\n\t... 38 more\r\n"},"stage":"finished","description":"","steps":[],"attachments":[],"parameters":[],"start":1695195253810,"stop":1695195254067}],"afters":[{"name":"tearDown","stage":"running","description":"","steps":[],"attachments":[],"parameters":[],"start":1695195254461},{"name":"tearDown","status":"broken","statusDetails":{"known":false,"muted":false,"flaky":false,"message":"Cannot invoke \"io.appium.java_client.android.AndroidDriver.close()\" because \"base.BaseClass.androiddriver\" is null","trace":"java.lang.NullPointerException: Cannot invoke \"io.appium.java_client.android.AndroidDriver.close()\" because \"base.BaseClass.androiddriver\" is null\r\n\tat base.BaseClass.tearDown(BaseClass.java:136)\r\n\tat java.base/jdk.internal.reflect.NativeMethodAccessorImpl.invoke0(Native Method)\r\n\tat java.base/jdk.internal.reflect.NativeMethodAccessorImpl.invoke(NativeMethodAccessorImpl.java:77)\r\n\tat java.base/jdk.internal.reflect.DelegatingMethodAccessorImpl.invoke(DelegatingMethodAccessorImpl.java:43)\r\n\tat java.base/java.lang.reflect.Method.invoke(Method.java:568)\r\n\tat org.testng.internal.MethodInvocationHelper.invokeMethod(MethodInvocationHelper.java:80)\r\n\tat org.testng.internal.Invoker.invokeConfigurationMethod(Invoker.java:564)\r\n\tat org.testng.internal.Invoker.invokeConfigurations(Invoker.java:213)\r\n\tat org.testng.internal.Invoker.invokeConfigurations(Invoker.java:138)\r\n\tat org.testng.SuiteRunner.privateRun(SuiteRunner.java:308)\r\n\tat org.testng.SuiteRunner.run(SuiteRunner.java:240)\r\n\tat org.testng.SuiteRunnerWorker.runSuite(SuiteRunnerWorker.java:52)\r\n\tat org.testng.SuiteRunnerWorker.run(SuiteRunnerWorker.java:86)\r\n\tat org.testng.TestNG.runSuitesSequentially(TestNG.java:1198)\r\n\tat org.testng.TestNG.runSuitesLocally(TestNG.java:1123)\r\n\tat org.testng.TestNG.run(TestNG.java:1031)\r\n\tat org.testng.remote.AbstractRemoteTestNG.run(AbstractRemoteTestNG.java:115)\r\n\tat org.testng.remote.RemoteTestNG.initAndRun(RemoteTestNG.java:251)\r\n\tat org.testng.remote.RemoteTestNG.main(RemoteTestNG.java:77)\r\n"},"stage":"finished","description":"","steps":[],"attachments":[],"parameters":[],"start":1695195254462,"stop":1695195254462}],"start":1695195253760,"stop":1695195254472}